#
# There is insufficient memory for the Java Runtime Environment to continue.
# Native memory allocation (malloc) failed to allocate 1048576 bytes. Error detail: AllocateHeap
# Possible reasons:
#   The system is out of physical RAM or swap space
#   This process is running with CompressedOops enabled, and the Java Heap may be blocking the growth of the native heap
# Possible solutions:
#   Reduce memory load on the system
#   Increase physical memory or swap space
#   Check if swap backing store is full
#   Decrease Java heap size (-Xmx/-Xms)
#   Decrease number of Java threads
#   Decrease Java thread stack sizes (-Xss)
#   Set larger code cache with -XX:ReservedCodeCacheSize=
#   JVM is running with Unscaled Compressed Oops mode in which the Java heap is
#     placed in the first 4GB address space. The Java Heap base address is the
#     maximum limit for the native heap growth. Please use -XX:HeapBaseMinAddress
#     to set the Java Heap base and to place the Java Heap above 4GB virtual address.
# This output file may be truncated or incomplete.
#
#  Out of Memory Error (allocation.cpp:44), pid=34280, tid=15432
#
# JRE version: OpenJDK Runtime Environment Temurin-21.0.9+10 (21.0.9+10) (build 21.0.9+10-LTS)
# Java VM: OpenJDK 64-Bit Server VM Temurin-21.0.9+10 (21.0.9+10-LTS, mixed mode, sharing, tiered, compressed oops, compressed class ptrs, parallel gc, windows-amd64)
# No core dump will be written. Minidumps are not enabled by default on client versions of Windows
#

---------------  S U M M A R Y ------------

Command Line: --add-modules=ALL-SYSTEM --add-opens=java.base/java.util=ALL-UNNAMED --add-opens=java.base/java.lang=ALL-UNNAMED --add-opens=java.base/sun.nio.fs=ALL-UNNAMED -Declipse.application=org.eclipse.jdt.ls.core.id1 -Dosgi.bundles.defaultStartLevel=4 -Declipse.product=org.eclipse.jdt.ls.core.product -Djava.import.generatesMetadataFilesAtProjectRoot=false -DDetectVMInstallationsJob.disabled=true -Dfile.encoding=utf8 -XX:+UseParallelGC -XX:GCTimeRatio=4 -XX:AdaptiveSizePolicyWeight=90 -Dsun.zip.disableMemoryMapping=true -Xmx2G -Xms100m -Xlog:disable -javaagent:c:\Users\satej\.vscode\extensions\redhat.java-1.52.0-win32-x64\lombok\lombok-1.18.39-4050.jar -XX:+HeapDumpOnOutOfMemoryError -XX:HeapDumpPath=c:\Users\satej\AppData\Roaming\Code\User\workspaceStorage\cf8760d8866fea43838a5e1dfc31e8f6\redhat.java -Daether.dependencyCollector.impl=bf c:\Users\satej\.vscode\extensions\redhat.java-1.52.0-win32-x64\server\plugins\org.eclipse.equinox.launcher_1.7.100.v20251111-0406.jar -configuration c:\Users\satej\AppData\Roaming\Code\User\globalStorage\redhat.java\1.52.0\config_win -data c:\Users\satej\AppData\Roaming\Code\User\workspaceStorage\cf8760d8866fea43838a5e1dfc31e8f6\redhat.java\jdt_ws --pipe=\\.\pipe\lsp-96dcf5817a5d6eda0c33744436147d52-sock

Host: AMD Ryzen 5 6600H with Radeon Graphics         , 12 cores, 7G,  Windows 11 , 64 bit Build 26100 (10.0.26100.7705)
Time: Thu Feb 26 01:00:37 2026 India Standard Time elapsed time: 8990.268121 seconds (0d 2h 29m 50s)

---------------  T H R E A D  ---------------

Current thread (0x000001a11f5d5d80):  JavaThread "Attach Listener" daemon [_thread_in_vm, id=15432, stack(0x0000008759300000,0x0000008759400000) (1024K)]

Stack: [0x0000008759300000,0x0000008759400000]
Native frames: (J=compiled Java code, j=interpreted, Vv=VM code, C=native code)
V  [jvm.dll+0x6d6e29]
V  [jvm.dll+0x8b4b76]
V  [jvm.dll+0x8b712e]
V  [jvm.dll+0x8b7813]
V  [jvm.dll+0x283d86]
V  [jvm.dll+0xc1277]
V  [jvm.dll+0x6d76d9]
V  [jvm.dll+0x133466]
V  [jvm.dll+0x3f7ea6]
V  [jvm.dll+0x85e9ad]
V  [jvm.dll+0x6d565d]
C  [ucrtbase.dll+0x37b0]
C  [KERNEL32.DLL+0x2e8d7]
C  [ntdll.dll+0x8c40c]


---------------  P R O C E S S  ---------------

Threads class SMR info:
_java_thread_list=0x000001a17ed05000, length=39, elements={
0x000001a11d16d100, 0x000001a11f5d0fd0, 0x000001a11f5d43b0, 0x000001a11f5d5130,
0x000001a11f5d5d80, 0x000001a11f5d6b20, 0x000001a1783468b0, 0x000001a17834a840,
0x000001a17834b530, 0x000001a178580080, 0x000001a1786c1a50, 0x000001a1799b8280,
0x000001a179a9abf0, 0x000001a1798e7220, 0x000001a1785749f0, 0x000001a17e424460,
0x000001a17e8c1450, 0x000001a17e8bdfd0, 0x000001a17e8bfa10, 0x000001a1009984a0,
0x000001a100998b30, 0x000001a100996a60, 0x000001a1009963d0, 0x000001a10099a570,
0x000001a1009970f0, 0x000001a1009991c0, 0x000001a10099ac00, 0x000001a100997780,
0x000001a100997e10, 0x000001a10099d360, 0x000001a10099bfb0, 0x000001a10099c640,
0x000001a100999ee0, 0x000001a10099b290, 0x000001a10099d9f0, 0x000001a10099b920,
0x000001a1011bc940, 0x000001a17969cf20, 0x000001a17969d5b0
}

Java Threads: ( => current thread )
  0x000001a11d16d100 JavaThread "main"                              [_thread_blocked, id=29120, stack(0x0000008758c00000,0x0000008758d00000) (1024K)]
  0x000001a11f5d0fd0 JavaThread "Reference Handler"          daemon [_thread_blocked, id=30628, stack(0x0000008759000000,0x0000008759100000) (1024K)]
  0x000001a11f5d43b0 JavaThread "Finalizer"                  daemon [_thread_blocked, id=36052, stack(0x0000008759100000,0x0000008759200000) (1024K)]
  0x000001a11f5d5130 JavaThread "Signal Dispatcher"          daemon [_thread_blocked, id=36336, stack(0x0000008759200000,0x0000008759300000) (1024K)]
=>0x000001a11f5d5d80 JavaThread "Attach Listener"            daemon [_thread_in_vm, id=15432, stack(0x0000008759300000,0x0000008759400000) (1024K)]
  0x000001a11f5d6b20 JavaThread "Service Thread"             daemon [_thread_blocked, id=5308, stack(0x0000008759400000,0x0000008759500000) (1024K)]
  0x000001a1783468b0 JavaThread "Monitor Deflation Thread"   daemon [_thread_blocked, id=22516, stack(0x0000008759500000,0x0000008759600000) (1024K)]
  0x000001a17834a840 JavaThread "C2 CompilerThread0"         daemon [_thread_blocked, id=27376, stack(0x0000008759600000,0x0000008759700000) (1024K)]
  0x000001a17834b530 JavaThread "C1 CompilerThread0"         daemon [_thread_blocked, id=20004, stack(0x0000008759700000,0x0000008759800000) (1024K)]
  0x000001a178580080 JavaThread "Common-Cleaner"             daemon [_thread_blocked, id=25012, stack(0x0000008759900000,0x0000008759a00000) (1024K)]
  0x000001a1786c1a50 JavaThread "Notification Thread"        daemon [_thread_blocked, id=32416, stack(0x0000008759a00000,0x0000008759b00000) (1024K)]
  0x000001a1799b8280 JavaThread "Active Thread: Equinox Container: c5927aed-7565-484c-b409-d3444038b78d"        [_thread_blocked, id=34096, stack(0x000000875a200000,0x000000875a300000) (1024K)]
  0x000001a179a9abf0 JavaThread "Refresh Thread: Equinox Container: c5927aed-7565-484c-b409-d3444038b78d" daemon [_thread_blocked, id=25824, stack(0x000000875a100000,0x000000875a200000) (1024K)]
  0x000001a1798e7220 JavaThread "Framework Event Dispatcher: Equinox Container: c5927aed-7565-484c-b409-d3444038b78d" daemon [_thread_blocked, id=32388, stack(0x000000875a300000,0x000000875a400000) (1024K)]
  0x000001a1785749f0 JavaThread "Start Level: Equinox Container: c5927aed-7565-484c-b409-d3444038b78d" daemon [_thread_blocked, id=7584, stack(0x000000875a400000,0x000000875a500000) (1024K)]
  0x000001a17e424460 JavaThread "Bundle File Closer"         daemon [_thread_blocked, id=32136, stack(0x000000875a800000,0x000000875a900000) (1024K)]
  0x000001a17e8c1450 JavaThread "SCR Component Actor"        daemon [_thread_blocked, id=33000, stack(0x000000875a500000,0x000000875a600000) (1024K)]
  0x000001a17e8bdfd0 JavaThread "Worker-JM"                         [_thread_blocked, id=17528, stack(0x000000875ab00000,0x000000875ac00000) (1024K)]
  0x000001a17e8bfa10 JavaThread "Java indexing"              daemon [_thread_blocked, id=31664, stack(0x000000875aa00000,0x000000875ab00000) (1024K)]
  0x000001a1009984a0 JavaThread "JNA Cleaner"                daemon [_thread_blocked, id=35092, stack(0x000000875b200000,0x000000875b300000) (1024K)]
  0x000001a100998b30 JavaThread "Thread-1"                   daemon [_thread_in_native, id=24344, stack(0x000000875b600000,0x000000875b700000) (1024K)]
  0x000001a100996a60 JavaThread "Thread-2"                   daemon [_thread_in_native, id=35180, stack(0x000000875b700000,0x000000875b800000) (1024K)]
  0x000001a1009963d0 JavaThread "Thread-3"                   daemon [_thread_in_native, id=35776, stack(0x000000875b800000,0x000000875b900000) (1024K)]
  0x000001a10099a570 JavaThread "Thread-4"                   daemon [_thread_in_native, id=22812, stack(0x000000875b900000,0x000000875ba00000) (1024K)]
  0x000001a1009970f0 JavaThread "Thread-5"                   daemon [_thread_in_native, id=4784, stack(0x000000875ba00000,0x000000875bb00000) (1024K)]
  0x000001a1009991c0 JavaThread "Thread-6"                   daemon [_thread_in_native, id=35384, stack(0x000000875bb00000,0x000000875bc00000) (1024K)]
  0x000001a10099ac00 JavaThread "Thread-7"                   daemon [_thread_in_native, id=35768, stack(0x000000875bc00000,0x000000875bd00000) (1024K)]
  0x000001a100997780 JavaThread "Thread-8"                   daemon [_thread_in_native, id=35796, stack(0x000000875bd00000,0x000000875be00000) (1024K)]
  0x000001a100997e10 JavaThread "Thread-9"                   daemon [_thread_in_native, id=12432, stack(0x000000875be00000,0x000000875bf00000) (1024K)]
  0x000001a10099d360 JavaThread "Thread-10"                  daemon [_thread_in_native, id=35404, stack(0x000000875bf00000,0x000000875c000000) (1024K)]
  0x000001a10099bfb0 JavaThread "Thread-11"                  daemon [_thread_in_native, id=35388, stack(0x000000875c000000,0x000000875c100000) (1024K)]
  0x000001a10099c640 JavaThread "Thread-12"                  daemon [_thread_in_native, id=35412, stack(0x000000875c100000,0x000000875c200000) (1024K)]
  0x000001a100999ee0 JavaThread "Thread-13"                  daemon [_thread_in_native, id=13460, stack(0x000000875c200000,0x000000875c300000) (1024K)]
  0x000001a10099b290 JavaThread "pool-2-thread-1"                   [_thread_blocked, id=15548, stack(0x000000875c300000,0x000000875c400000) (1024K)]
  0x000001a10099d9f0 JavaThread "WorkspaceEventsHandler"            [_thread_blocked, id=35784, stack(0x000000875c400000,0x000000875c500000) (1024K)]
  0x000001a10099b920 JavaThread "pool-1-thread-1"                   [_thread_blocked, id=35012, stack(0x000000875c500000,0x000000875c600000) (1024K)]
  0x000001a1011bc940 JavaThread "Cleaner-0"                  daemon [_thread_blocked, id=15068, stack(0x000000875c900000,0x000000875ca00000) (1024K)]
  0x000001a17969cf20 JavaThread "Worker-26"                         [_thread_blocked, id=34104, stack(0x0000008758a00000,0x0000008758b00000) (1024K)]
  0x000001a17969d5b0 JavaThread "Worker-28"                         [_thread_blocked, id=10144, stack(0x000000875a900000,0x000000875aa00000) (1024K)]
Total: 39

Other Threads:
  0x000001a11f5d0b80 VMThread "VM Thread"                           [id=16476, stack(0x0000008758f00000,0x0000008759000000) (1024K)]
  0x000001a135ebca00 WatcherThread "VM Periodic Task Thread"        [id=4432, stack(0x0000008758e00000,0x0000008758f00000) (1024K)]
  0x000001a11f54ec00 WorkerThread "GC Thread#0"                     [id=12604, stack(0x0000008758d00000,0x0000008758e00000) (1024K)]
  0x000001a17986f800 WorkerThread "GC Thread#1"                     [id=22796, stack(0x0000008759b00000,0x0000008759c00000) (1024K)]
  0x000001a17986fba0 WorkerThread "GC Thread#2"                     [id=15636, stack(0x0000008759c00000,0x0000008759d00000) (1024K)]
  0x000001a17e040a00 WorkerThread "GC Thread#3"                     [id=36848, stack(0x0000008759d00000,0x0000008759e00000) (1024K)]
  0x000001a17e040da0 WorkerThread "GC Thread#4"                     [id=36356, stack(0x0000008759e00000,0x0000008759f00000) (1024K)]
  0x000001a17e041140 WorkerThread "GC Thread#5"                     [id=31472, stack(0x0000008759f00000,0x000000875a000000) (1024K)]
  0x000001a17e0414e0 WorkerThread "GC Thread#6"                     [id=11048, stack(0x000000875a000000,0x000000875a100000) (1024K)]
  0x000001a179accb10 WorkerThread "GC Thread#7"                     [id=22544, stack(0x0000008759800000,0x0000008759900000) (1024K)]
  0x000001a17932d680 WorkerThread "GC Thread#8"                     [id=11688, stack(0x000000875a600000,0x000000875a700000) (1024K)]
  0x000001a17932da20 WorkerThread "GC Thread#9"                     [id=36700, stack(0x000000875a700000,0x000000875a800000) (1024K)]
Total: 12

Threads with active compile tasks:
Total: 0

VM state: not at safepoint (normal execution)

VM Mutex/Monitor currently owned by a thread: None

Heap address: 0x0000000080000000, size: 2048 MB, Compressed Oops mode: 32-bit

CDS archive(s) mapped at: [0x000001a136000000-0x000001a136ba0000-0x000001a136ba0000), size 12189696, SharedBaseAddress: 0x000001a136000000, ArchiveRelocationMode: 1.
Compressed class space mapped at: 0x000001a137000000-0x000001a177000000, reserved size: 1073741824
Narrow klass base: 0x000001a136000000, Narrow klass shift: 0, Narrow klass range: 0x100000000

GC Precious Log:
 CardTable entry size: 512
 CPUs: 12 total, 12 available
 Memory: 7365M
 Large Page Support: Disabled
 NUMA Support: Disabled
 Compressed Oops: Enabled (32-bit)
 Alignments: Space 512K, Generation 512K, Heap 2M
 Heap Min Capacity: 100M
 Heap Initial Capacity: 100M
 Heap Max Capacity: 2G
 Pre-touch: Disabled
 Parallel Workers: 10

Heap:
 PSYoungGen      total 17408K, used 1145K [0x00000000d5580000, 0x00000000d6980000, 0x0000000100000000)
  eden space 16896K, 6% used [0x00000000d5580000,0x00000000d567e738,0x00000000d6600000)
  from space 512K, 25% used [0x00000000d6880000,0x00000000d68a0000,0x00000000d6900000)
  to   space 512K, 0% used [0x00000000d6900000,0x00000000d6900000,0x00000000d6980000)
 ParOldGen       total 1316864K, used 1042279K [0x0000000080000000, 0x00000000d0600000, 0x00000000d5580000)
  object space 1316864K, 79% used [0x0000000080000000,0x00000000bf9d9d50,0x00000000d0600000)
 Metaspace       used 89988K, committed 91840K, reserved 1179648K
  class space    used 9033K, committed 9856K, reserved 1048576K

Card table byte_map: [0x000001a11eed0000,0x000001a11f2e0000] _byte_map_base: 0x000001a11ead0000

Marking Bits: (ParMarkBitMap*) 0x00007ffd975b2460
 Begin Bits: [0x000001a1319e0000, 0x000001a1339e0000)
 End Bits:   [0x000001a1339e0000, 0x000001a1359e0000)

Polling page: 0x000001a11d4f0000

Metaspace:

Usage:
  Non-class:     79.06 MB used.
      Class:      8.82 MB used.
       Both:     87.88 MB used.

Virtual space:
  Non-class space:      128.00 MB reserved,      80.06 MB ( 63%) committed,  2 nodes.
      Class space:        1.00 GB reserved,       9.62 MB ( <1%) committed,  1 nodes.
             Both:        1.12 GB reserved,      89.69 MB (  8%) committed. 

Chunk freelists:
   Non-Class:  15.63 MB
       Class:  6.36 MB
        Both:  22.00 MB

MaxMetaspaceSize: unlimited
CompressedClassSpaceSize: 1.00 GB
Initial GC threshold: 21.00 MB
Current GC threshold: 143.69 MB
CDS: on
 - commit_granule_bytes: 65536.
 - commit_granule_words: 8192.
 - virtual_space_node_default_size: 8388608.
 - enlarge_chunks_in_place: 1.
 - use_allocation_guard: 0.


Internal statistics:

num_allocs_failed_limit: 9.
num_arena_births: 1884.
num_arena_deaths: 400.
num_vsnodes_births: 3.
num_vsnodes_deaths: 0.
num_space_committed: 1435.
num_space_uncommitted: 0.
num_chunks_returned_to_freelist: 478.
num_chunks_taken_from_freelist: 6561.
num_chunk_merges: 123.
num_chunk_splits: 3754.
num_chunks_enlarged: 2015.
num_inconsistent_stats: 0.

CodeHeap 'non-profiled nmethods': size=120000Kb used=26708Kb max_used=26708Kb free=93292Kb
 bounds [0x000001a12a200000, 0x000001a12bc20000, 0x000001a131730000]
CodeHeap 'profiled nmethods': size=120000Kb used=54902Kb max_used=54902Kb free=65098Kb
 bounds [0x000001a122730000, 0x000001a125cd0000, 0x000001a129c60000]
CodeHeap 'non-nmethods': size=5760Kb used=1534Kb max_used=1644Kb free=4226Kb
 bounds [0x000001a129c60000, 0x000001a129ed0000, 0x000001a12a200000]
CodeCache: size=245760Kb, used=83144Kb, max_used=83254Kb, free=162616Kb
 total_blobs=23602, nmethods=22752, adapters=750, full_count=0
Compilation: enabled, stopped_count=0, restarted_count=0

Compilation events (20 events):
Event: 7794.858 Thread 0x000001a17834b530 nmethod 26676 0x000001a125cca890 code [0x000001a125ccac60, 0x000001a125ccc6b0]
Event: 7794.966 Thread 0x000001a17834a840 nmethod 26673 0x000001a12bc0fd90 code [0x000001a12bc10100, 0x000001a12bc11e00]
Event: 7794.966 Thread 0x000001a17834b530 26678       1       org.eclipse.jdt.ls.core.internal.preferences.Preferences::getSettingsUrl (5 bytes)
Event: 7794.969 Thread 0x000001a17834b530 nmethod 26678 0x000001a12bc13590 code [0x000001a12bc13720, 0x000001a12bc137f0]
Event: 7794.969 Thread 0x000001a17834b530 26677       1       org.eclipse.jdt.ls.core.internal.preferences.Preferences::getFormatterUrl (5 bytes)
Event: 7794.969 Thread 0x000001a17834b530 nmethod 26677 0x000001a12bc13890 code [0x000001a12bc13a20, 0x000001a12bc13af0]
Event: 7795.218 Thread 0x000001a17834b530 26679       3       org.eclipse.core.internal.utils.FileUtil::realURI (42 bytes)
Event: 7795.220 Thread 0x000001a17834b530 nmethod 26679 0x000001a125ccd190 code [0x000001a125ccd380, 0x000001a125ccd698]
Event: 7795.254 Thread 0x000001a17834a840 26680       4       java.nio.Buffer::clear (20 bytes)
Event: 7795.255 Thread 0x000001a17834a840 nmethod 26680 0x000001a12bc13b90 code [0x000001a12bc13d20, 0x000001a12bc13dc0]
Event: 7943.506 Thread 0x000001a17834a840 26681       4       java.util.concurrent.ThreadPoolExecutor::runStateAtLeast (11 bytes)
Event: 7943.542 Thread 0x000001a17834a840 nmethod 26681 0x000001a12bc13e90 code [0x000001a12bc14000, 0x000001a12bc14078]
Event: 8112.944 Thread 0x000001a17834a840 26682       4       java.util.concurrent.locks.AbstractQueuedSynchronizer$Node::setStatusRelaxed (12 bytes)
Event: 8112.980 Thread 0x000001a17834a840 nmethod 26682 0x000001a12bc14190 code [0x000001a12bc14320, 0x000001a12bc143b0]
Event: 8146.204 Thread 0x000001a17834a840 26683       4       java.util.concurrent.atomic.AtomicLong::weakCompareAndSetVolatile (13 bytes)
Event: 8146.216 Thread 0x000001a17834a840 nmethod 26683 0x000001a12bc14490 code [0x000001a12bc14620, 0x000001a12bc146c0]
Event: 8206.224 Thread 0x000001a17834a840 26684       4       java.util.concurrent.atomic.AtomicLong::updateAndGet (59 bytes)
Event: 8206.346 Thread 0x000001a17834a840 nmethod 26684 0x000001a12bc14790 code [0x000001a12bc14920, 0x000001a12bc14ac0]
Event: 8793.828 Thread 0x000001a17834a840 26685       4       java.util.concurrent.CountDownLatch$Sync::tryReleaseShared (37 bytes)
Event: 8793.904 Thread 0x000001a17834a840 nmethod 26685 0x000001a12bc14c90 code [0x000001a12bc14e20, 0x000001a12bc14f08]

GC Heap History (20 events):
Event: 7075.090 GC heap before
{Heap before GC invocations=3391 (full 5):
 PSYoungGen      total 19968K, used 19957K [0x00000000d5580000, 0x00000000d6d00000, 0x0000000100000000)
  eden space 19456K, 100% used [0x00000000d5580000,0x00000000d6880000,0x00000000d6880000)
  from space 512K, 97% used [0x00000000d6c00000,0x00000000d6c7d488,0x00000000d6c80000)
  to   space 512K, 0% used [0x00000000d6c80000,0x00000000d6c80000,0x00000000d6d00000)
 ParOldGen       total 1316864K, used 1030987K [0x0000000080000000, 0x00000000d0600000, 0x00000000d5580000)
  object space 1316864K, 78% used [0x0000000080000000,0x00000000beed2fd8,0x00000000d0600000)
 Metaspace       used 89936K, committed 91776K, reserved 1179648K
  class space    used 9031K, committed 9856K, reserved 1048576K
}
Event: 7075.103 GC heap after
{Heap after GC invocations=3391 (full 5):
 PSYoungGen      total 19968K, used 512K [0x00000000d5580000, 0x00000000d6d00000, 0x0000000100000000)
  eden space 19456K, 0% used [0x00000000d5580000,0x00000000d5580000,0x00000000d6880000)
  from space 512K, 100% used [0x00000000d6c80000,0x00000000d6d00000,0x00000000d6d00000)
  to   space 2048K, 0% used [0x00000000d6900000,0x00000000d6900000,0x00000000d6b00000)
 ParOldGen       total 1316864K, used 1032213K [0x0000000080000000, 0x00000000d0600000, 0x00000000d5580000)
  object space 1316864K, 78% used [0x0000000080000000,0x00000000bf0056b0,0x00000000d0600000)
 Metaspace       used 89936K, committed 91776K, reserved 1179648K
  class space    used 9031K, committed 9856K, reserved 1048576K
}
Event: 7075.204 GC heap before
{Heap before GC invocations=3392 (full 5):
 PSYoungGen      total 19968K, used 19968K [0x00000000d5580000, 0x00000000d6d00000, 0x0000000100000000)
  eden space 19456K, 100% used [0x00000000d5580000,0x00000000d6880000,0x00000000d6880000)
  from space 512K, 100% used [0x00000000d6c80000,0x00000000d6d00000,0x00000000d6d00000)
  to   space 2048K, 0% used [0x00000000d6900000,0x00000000d6900000,0x00000000d6b00000)
 ParOldGen       total 1316864K, used 1032213K [0x0000000080000000, 0x00000000d0600000, 0x00000000d5580000)
  object space 1316864K, 78% used [0x0000000080000000,0x00000000bf0056b0,0x00000000d0600000)
 Metaspace       used 89939K, committed 91776K, reserved 1179648K
  class space    used 9031K, committed 9856K, reserved 1048576K
}
Event: 7075.213 GC heap after
{Heap after GC invocations=3392 (full 5):
 PSYoungGen      total 21504K, used 1502K [0x00000000d5580000, 0x00000000d6d00000, 0x0000000100000000)
  eden space 19456K, 0% used [0x00000000d5580000,0x00000000d5580000,0x00000000d6880000)
  from space 2048K, 73% used [0x00000000d6900000,0x00000000d6a77a00,0x00000000d6b00000)
  to   space 2048K, 0% used [0x00000000d6b00000,0x00000000d6b00000,0x00000000d6d00000)
 ParOldGen       total 1316864K, used 1032724K [0x0000000080000000, 0x00000000d0600000, 0x00000000d5580000)
  object space 1316864K, 78% used [0x0000000080000000,0x00000000bf085330,0x00000000d0600000)
 Metaspace       used 89939K, committed 91776K, reserved 1179648K
  class space    used 9031K, committed 9856K, reserved 1048576K
}
Event: 7075.305 GC heap before
{Heap before GC invocations=3393 (full 5):
 PSYoungGen      total 21504K, used 20958K [0x00000000d5580000, 0x00000000d6d00000, 0x0000000100000000)
  eden space 19456K, 100% used [0x00000000d5580000,0x00000000d6880000,0x00000000d6880000)
  from space 2048K, 73% used [0x00000000d6900000,0x00000000d6a77a00,0x00000000d6b00000)
  to   space 2048K, 0% used [0x00000000d6b00000,0x00000000d6b00000,0x00000000d6d00000)
 ParOldGen       total 1316864K, used 1032724K [0x0000000080000000, 0x00000000d0600000, 0x00000000d5580000)
  object space 1316864K, 78% used [0x0000000080000000,0x00000000bf085330,0x00000000d0600000)
 Metaspace       used 89939K, committed 91776K, reserved 1179648K
  class space    used 9031K, committed 9856K, reserved 1048576K
}
Event: 7075.322 GC heap after
{Heap after GC invocations=3393 (full 5):
 PSYoungGen      total 18944K, used 2036K [0x00000000d5580000, 0x00000000d7280000, 0x0000000100000000)
  eden space 16896K, 0% used [0x00000000d5580000,0x00000000d5580000,0x00000000d6600000)
  from space 2048K, 99% used [0x00000000d6b00000,0x00000000d6cfd200,0x00000000d6d00000)
  to   space 5120K, 0% used [0x00000000d6600000,0x00000000d6600000,0x00000000d6b00000)
 ParOldGen       total 1316864K, used 1035064K [0x0000000080000000, 0x00000000d0600000, 0x00000000d5580000)
  object space 1316864K, 78% used [0x0000000080000000,0x00000000bf2ce2a8,0x00000000d0600000)
 Metaspace       used 89939K, committed 91776K, reserved 1179648K
  class space    used 9031K, committed 9856K, reserved 1048576K
}
Event: 7075.484 GC heap before
{Heap before GC invocations=3394 (full 5):
 PSYoungGen      total 18944K, used 18932K [0x00000000d5580000, 0x00000000d7280000, 0x0000000100000000)
  eden space 16896K, 100% used [0x00000000d5580000,0x00000000d6600000,0x00000000d6600000)
  from space 2048K, 99% used [0x00000000d6b00000,0x00000000d6cfd200,0x00000000d6d00000)
  to   space 5120K, 0% used [0x00000000d6600000,0x00000000d6600000,0x00000000d6b00000)
 ParOldGen       total 1316864K, used 1035064K [0x0000000080000000, 0x00000000d0600000, 0x00000000d5580000)
  object space 1316864K, 78% used [0x0000000080000000,0x00000000bf2ce2a8,0x00000000d0600000)
 Metaspace       used 89939K, committed 91776K, reserved 1179648K
  class space    used 9031K, committed 9856K, reserved 1048576K
}
Event: 7075.503 GC heap after
{Heap after GC invocations=3394 (full 5):
 PSYoungGen      total 20992K, used 3744K [0x00000000d5580000, 0x00000000d6e00000, 0x0000000100000000)
  eden space 16896K, 0% used [0x00000000d5580000,0x00000000d5580000,0x00000000d6600000)
  from space 4096K, 91% used [0x00000000d6600000,0x00000000d69a8000,0x00000000d6a00000)
  to   space 4096K, 0% used [0x00000000d6a00000,0x00000000d6a00000,0x00000000d6e00000)
 ParOldGen       total 1316864K, used 1037124K [0x0000000080000000, 0x00000000d0600000, 0x00000000d5580000)
  object space 1316864K, 78% used [0x0000000080000000,0x00000000bf4d1040,0x00000000d0600000)
 Metaspace       used 89939K, committed 91776K, reserved 1179648K
  class space    used 9031K, committed 9856K, reserved 1048576K
}
Event: 7075.596 GC heap before
{Heap before GC invocations=3395 (full 5):
 PSYoungGen      total 20992K, used 20640K [0x00000000d5580000, 0x00000000d6e00000, 0x0000000100000000)
  eden space 16896K, 100% used [0x00000000d5580000,0x00000000d6600000,0x00000000d6600000)
  from space 4096K, 91% used [0x00000000d6600000,0x00000000d69a8000,0x00000000d6a00000)
  to   space 4096K, 0% used [0x00000000d6a00000,0x00000000d6a00000,0x00000000d6e00000)
 ParOldGen       total 1316864K, used 1037124K [0x0000000080000000, 0x00000000d0600000, 0x00000000d5580000)
  object space 1316864K, 78% used [0x0000000080000000,0x00000000bf4d1040,0x00000000d0600000)
 Metaspace       used 89942K, committed 91776K, reserved 1179648K
  class space    used 9031K, committed 9856K, reserved 1048576K
}
Event: 7075.607 GC heap after
{Heap after GC invocations=3395 (full 5):
 PSYoungGen      total 20480K, used 3209K [0x00000000d5580000, 0x00000000d6d80000, 0x0000000100000000)
  eden space 16896K, 0% used [0x00000000d5580000,0x00000000d5580000,0x00000000d6600000)
  from space 3584K, 89% used [0x00000000d6a00000,0x00000000d6d22560,0x00000000d6d80000)
  to   space 3584K, 0% used [0x00000000d6680000,0x00000000d6680000,0x00000000d6a00000)
 ParOldGen       total 1316864K, used 1039100K [0x0000000080000000, 0x00000000d0600000, 0x00000000d5580000)
  object space 1316864K, 78% used [0x0000000080000000,0x00000000bf6bf080,0x00000000d0600000)
 Metaspace       used 89942K, committed 91776K, reserved 1179648K
  class space    used 9031K, committed 9856K, reserved 1048576K
}
Event: 7075.647 GC heap before
{Heap before GC invocations=3396 (full 5):
 PSYoungGen      total 20480K, used 20105K [0x00000000d5580000, 0x00000000d6d80000, 0x0000000100000000)
  eden space 16896K, 100% used [0x00000000d5580000,0x00000000d6600000,0x00000000d6600000)
  from space 3584K, 89% used [0x00000000d6a00000,0x00000000d6d22560,0x00000000d6d80000)
  to   space 3584K, 0% used [0x00000000d6680000,0x00000000d6680000,0x00000000d6a00000)
 ParOldGen       total 1316864K, used 1039100K [0x0000000080000000, 0x00000000d0600000, 0x00000000d5580000)
  object space 1316864K, 78% used [0x0000000080000000,0x00000000bf6bf080,0x00000000d0600000)
 Metaspace       used 89943K, committed 91776K, reserved 1179648K
  class space    used 9031K, committed 9856K, reserved 1048576K
}
Event: 7075.661 GC heap after
{Heap after GC invocations=3396 (full 5):
 PSYoungGen      total 17408K, used 276K [0x00000000d5580000, 0x00000000d6a80000, 0x0000000100000000)
  eden space 16896K, 0% used [0x00000000d5580000,0x00000000d5580000,0x00000000d6600000)
  from space 512K, 54% used [0x00000000d6680000,0x00000000d66c5200,0x00000000d6700000)
  to   space 1536K, 0% used [0x00000000d6900000,0x00000000d6900000,0x00000000d6a80000)
 ParOldGen       total 1316864K, used 1042007K [0x0000000080000000, 0x00000000d0600000, 0x00000000d5580000)
  object space 1316864K, 79% used [0x0000000080000000,0x00000000bf995d30,0x00000000d0600000)
 Metaspace       used 89943K, committed 91776K, reserved 1179648K
  class space    used 9031K, committed 9856K, reserved 1048576K
}
Event: 7075.719 GC heap before
{Heap before GC invocations=3397 (full 5):
 PSYoungGen      total 17408K, used 17172K [0x00000000d5580000, 0x00000000d6a80000, 0x0000000100000000)
  eden space 16896K, 100% used [0x00000000d5580000,0x00000000d6600000,0x00000000d6600000)
  from space 512K, 54% used [0x00000000d6680000,0x00000000d66c5200,0x00000000d6700000)
  to   space 1536K, 0% used [0x00000000d6900000,0x00000000d6900000,0x00000000d6a80000)
 ParOldGen       total 1316864K, used 1042007K [0x0000000080000000, 0x00000000d0600000, 0x00000000d5580000)
  object space 1316864K, 79% used [0x0000000080000000,0x00000000bf995d30,0x00000000d0600000)
 Metaspace       used 89946K, committed 91840K, reserved 1179648K
  class space    used 9031K, committed 9856K, reserved 1048576K
}
Event: 7075.723 GC heap after
{Heap after GC invocations=3397 (full 5):
 PSYoungGen      total 17408K, used 378K [0x00000000d5580000, 0x00000000d6980000, 0x0000000100000000)
  eden space 16896K, 0% used [0x00000000d5580000,0x00000000d5580000,0x00000000d6600000)
  from space 512K, 73% used [0x00000000d6900000,0x00000000d695e900,0x00000000d6980000)
  to   space 1024K, 0% used [0x00000000d6780000,0x00000000d6780000,0x00000000d6880000)
 ParOldGen       total 1316864K, used 1042063K [0x0000000080000000, 0x00000000d0600000, 0x00000000d5580000)
  object space 1316864K, 79% used [0x0000000080000000,0x00000000bf9a3d30,0x00000000d0600000)
 Metaspace       used 89946K, committed 91840K, reserved 1179648K
  class space    used 9031K, committed 9856K, reserved 1048576K
}
Event: 7075.753 GC heap before
{Heap before GC invocations=3398 (full 5):
 PSYoungGen      total 17408K, used 17274K [0x00000000d5580000, 0x00000000d6980000, 0x0000000100000000)
  eden space 16896K, 100% used [0x00000000d5580000,0x00000000d6600000,0x00000000d6600000)
  from space 512K, 73% used [0x00000000d6900000,0x00000000d695e900,0x00000000d6980000)
  to   space 1024K, 0% used [0x00000000d6780000,0x00000000d6780000,0x00000000d6880000)
 ParOldGen       total 1316864K, used 1042063K [0x0000000080000000, 0x00000000d0600000, 0x00000000d5580000)
  object space 1316864K, 79% used [0x0000000080000000,0x00000000bf9a3d30,0x00000000d0600000)
 Metaspace       used 89946K, committed 91840K, reserved 1179648K
  class space    used 9031K, committed 9856K, reserved 1048576K
}
Event: 7075.760 GC heap after
{Heap after GC invocations=3398 (full 5):
 PSYoungGen      total 17920K, used 462K [0x00000000d5580000, 0x00000000d6980000, 0x0000000100000000)
  eden space 16896K, 0% used [0x00000000d5580000,0x00000000d5580000,0x00000000d6600000)
  from space 1024K, 45% used [0x00000000d6780000,0x00000000d67f3b00,0x00000000d6880000)
  to   space 512K, 0% used [0x00000000d6900000,0x00000000d6900000,0x00000000d6980000)
 ParOldGen       total 1316864K, used 1042079K [0x0000000080000000, 0x00000000d0600000, 0x00000000d5580000)
  object space 1316864K, 79% used [0x0000000080000000,0x00000000bf9a7d30,0x00000000d0600000)
 Metaspace       used 89946K, committed 91840K, reserved 1179648K
  class space    used 9031K, committed 9856K, reserved 1048576K
}
Event: 7793.220 GC heap before
{Heap before GC invocations=3399 (full 5):
 PSYoungGen      total 17920K, used 17358K [0x00000000d5580000, 0x00000000d6980000, 0x0000000100000000)
  eden space 16896K, 100% used [0x00000000d5580000,0x00000000d6600000,0x00000000d6600000)
  from space 1024K, 45% used [0x00000000d6780000,0x00000000d67f3b00,0x00000000d6880000)
  to   space 512K, 0% used [0x00000000d6900000,0x00000000d6900000,0x00000000d6980000)
 ParOldGen       total 1316864K, used 1042079K [0x0000000080000000, 0x00000000d0600000, 0x00000000d5580000)
  object space 1316864K, 79% used [0x0000000080000000,0x00000000bf9a7d30,0x00000000d0600000)
 Metaspace       used 89980K, committed 91840K, reserved 1179648K
  class space    used 9033K, committed 9856K, reserved 1048576K
}
Event: 7793.453 GC heap after
{Heap after GC invocations=3399 (full 5):
 PSYoungGen      total 17408K, used 416K [0x00000000d5580000, 0x00000000d6980000, 0x0000000100000000)
  eden space 16896K, 0% used [0x00000000d5580000,0x00000000d5580000,0x00000000d6600000)
  from space 512K, 81% used [0x00000000d6900000,0x00000000d6968020,0x00000000d6980000)
  to   space 512K, 0% used [0x00000000d6880000,0x00000000d6880000,0x00000000d6900000)
 ParOldGen       total 1316864K, used 1042095K [0x0000000080000000, 0x00000000d0600000, 0x00000000d5580000)
  object space 1316864K, 79% used [0x0000000080000000,0x00000000bf9abd30,0x00000000d0600000)
 Metaspace       used 89980K, committed 91840K, reserved 1179648K
  class space    used 9033K, committed 9856K, reserved 1048576K
}
Event: 7795.746 GC heap before
{Heap before GC invocations=3400 (full 5):
 PSYoungGen      total 17408K, used 17312K [0x00000000d5580000, 0x00000000d6980000, 0x0000000100000000)
  eden space 16896K, 100% used [0x00000000d5580000,0x00000000d6600000,0x00000000d6600000)
  from space 512K, 81% used [0x00000000d6900000,0x00000000d6968020,0x00000000d6980000)
  to   space 512K, 0% used [0x00000000d6880000,0x00000000d6880000,0x00000000d6900000)
 ParOldGen       total 1316864K, used 1042095K [0x0000000080000000, 0x00000000d0600000, 0x00000000d5580000)
  object space 1316864K, 79% used [0x0000000080000000,0x00000000bf9abd30,0x00000000d0600000)
 Metaspace       used 89988K, committed 91840K, reserved 1179648K
  class space    used 9033K, committed 9856K, reserved 1048576K
}
Event: 7795.758 GC heap after
{Heap after GC invocations=3400 (full 5):
 PSYoungGen      total 17408K, used 128K [0x00000000d5580000, 0x00000000d6980000, 0x0000000100000000)
  eden space 16896K, 0% used [0x00000000d5580000,0x00000000d5580000,0x00000000d6600000)
  from space 512K, 25% used [0x00000000d6880000,0x00000000d68a0000,0x00000000d6900000)
  to   space 512K, 0% used [0x00000000d6900000,0x00000000d6900000,0x00000000d6980000)
 ParOldGen       total 1316864K, used 1042279K [0x0000000080000000, 0x00000000d0600000, 0x00000000d5580000)
  object space 1316864K, 79% used [0x0000000080000000,0x00000000bf9d9d50,0x00000000d0600000)
 Metaspace       used 89988K, committed 91840K, reserved 1179648K
  class space    used 9033K, committed 9856K, reserved 1048576K
}

Dll operation events (14 events):
Event: 0.028 Loaded shared library c:\Users\satej\.vscode\extensions\redhat.java-1.52.0-win32-x64\jre\21.0.9-win32-x86_64\bin\java.dll
Event: 0.134 Loaded shared library c:\Users\satej\.vscode\extensions\redhat.java-1.52.0-win32-x64\jre\21.0.9-win32-x86_64\bin\zip.dll
Event: 0.169 Loaded shared library C:\Users\satej\.vscode\extensions\redhat.java-1.52.0-win32-x64\jre\21.0.9-win32-x86_64\bin\instrument.dll
Event: 0.177 Loaded shared library C:\Users\satej\.vscode\extensions\redhat.java-1.52.0-win32-x64\jre\21.0.9-win32-x86_64\bin\net.dll
Event: 0.182 Loaded shared library C:\Users\satej\.vscode\extensions\redhat.java-1.52.0-win32-x64\jre\21.0.9-win32-x86_64\bin\nio.dll
Event: 0.187 Loaded shared library C:\Users\satej\.vscode\extensions\redhat.java-1.52.0-win32-x64\jre\21.0.9-win32-x86_64\bin\zip.dll
Event: 0.220 Loaded shared library C:\Users\satej\.vscode\extensions\redhat.java-1.52.0-win32-x64\jre\21.0.9-win32-x86_64\bin\jimage.dll
Event: 0.360 Loaded shared library c:\Users\satej\.vscode\extensions\redhat.java-1.52.0-win32-x64\jre\21.0.9-win32-x86_64\bin\verify.dll
Event: 20.668 Loaded shared library C:\Users\satej\AppData\Roaming\Code\User\globalStorage\redhat.java\1.52.0\config_win\org.eclipse.equinox.launcher\org.eclipse.equinox.launcher.win32.win32.x86_64_1.2.1500.v20260121-1430\eclipse_11919.dll
Event: 44.190 Loaded shared library C:\Users\satej\.vscode\extensions\redhat.java-1.52.0-win32-x64\jre\21.0.9-win32-x86_64\bin\management.dll
Event: 44.196 Loaded shared library C:\Users\satej\.vscode\extensions\redhat.java-1.52.0-win32-x64\jre\21.0.9-win32-x86_64\bin\management_ext.dll
Event: 46.814 Loaded shared library C:\Users\satej\AppData\Local\Temp\jna-109209355\jna16618560286479147749.dll
Event: 47.733 Loaded shared library C:\Users\satej\.vscode\extensions\redhat.java-1.52.0-win32-x64\jre\21.0.9-win32-x86_64\bin\sunmscapi.dll
Event: 48.118 Loaded shared library C:\Users\satej\.vscode\extensions\redhat.java-1.52.0-win32-x64\jre\21.0.9-win32-x86_64\bin\extnet.dll

Deoptimization events (20 events):
Event: 7541.878 Thread 0x000001a10099d9f0 DEOPT PACKING pc=0x000001a125cc1541 sp=0x000000875c4fe8f0
Event: 7541.879 Thread 0x000001a10099d9f0 DEOPT UNPACKING pc=0x000001a129cb4242 sp=0x000000875c4fddd0 mode 0
Event: 7542.028 Thread 0x000001a10099d9f0 DEOPT PACKING pc=0x000001a125cc1541 sp=0x000000875c4fe8f0
Event: 7542.028 Thread 0x000001a10099d9f0 DEOPT UNPACKING pc=0x000001a129cb4242 sp=0x000000875c4fddd0 mode 0
Event: 7542.177 Thread 0x000001a10099d9f0 DEOPT PACKING pc=0x000001a125cc1541 sp=0x000000875c4fe8f0
Event: 7542.177 Thread 0x000001a10099d9f0 DEOPT UNPACKING pc=0x000001a129cb4242 sp=0x000000875c4fddd0 mode 0
Event: 7542.308 Thread 0x000001a10099d9f0 DEOPT PACKING pc=0x000001a125cc1541 sp=0x000000875c4fe7a0
Event: 7542.308 Thread 0x000001a10099d9f0 DEOPT UNPACKING pc=0x000001a129cb4242 sp=0x000000875c4fdc80 mode 0
Event: 7793.750 Thread 0x000001a10099d9f0 Uncommon trap: trap_request=0xffffff45 fr.pc=0x000001a12bc08a14 relative=0x00000000000004b4
Event: 7793.848 Thread 0x000001a10099d9f0 Uncommon trap: reason=unstable_if action=reinterpret pc=0x000001a12bc08a14 method=java.net.URI.needsNormalization(Ljava/lang/String;)I @ 62 c2
Event: 7793.848 Thread 0x000001a10099d9f0 DEOPT PACKING pc=0x000001a12bc08a14 sp=0x000000875c4fe950
Event: 7793.924 Thread 0x000001a10099d9f0 DEOPT UNPACKING pc=0x000001a129cb3aa2 sp=0x000000875c4fe8d0 mode 2
Event: 7793.948 Thread 0x000001a10099d9f0 Uncommon trap: trap_request=0xffffff45 fr.pc=0x000001a12b86e3f4 relative=0x0000000000000394
Event: 7793.948 Thread 0x000001a10099d9f0 Uncommon trap: reason=unstable_if action=reinterpret pc=0x000001a12b86e3f4 method=java.net.URI.needsNormalization(Ljava/lang/String;)I @ 62 c2
Event: 7793.948 Thread 0x000001a10099d9f0 DEOPT PACKING pc=0x000001a12b86e3f4 sp=0x000000875c4fe7e0
Event: 7793.948 Thread 0x000001a10099d9f0 DEOPT UNPACKING pc=0x000001a129cb3aa2 sp=0x000000875c4fe780 mode 2
Event: 7794.358 Thread 0x000001a10099d9f0 DEOPT PACKING pc=0x000001a125cc5f78 sp=0x000000875c4fe7a0
Event: 7794.358 Thread 0x000001a10099d9f0 DEOPT UNPACKING pc=0x000001a129cb4242 sp=0x000000875c4fdc80 mode 0
Event: 7794.703 Thread 0x000001a10099d9f0 DEOPT PACKING pc=0x000001a125cc5dc1 sp=0x000000875c4fe8f0
Event: 7794.703 Thread 0x000001a10099d9f0 DEOPT UNPACKING pc=0x000001a129cb4242 sp=0x000000875c4fddd0 mode 0

Classes loaded (20 events):
Event: 5427.170 Loading class java/util/regex/Pattern$Behind
Event: 5427.171 Loading class java/util/regex/Pattern$Behind done
Event: 5427.173 Loading class java/util/regex/Pattern$Neg
Event: 5427.173 Loading class java/util/regex/Pattern$Neg done
Event: 5429.889 Loading class java/util/stream/ReduceOps$5
Event: 5429.891 Loading class java/util/stream/ReduceOps$5 done
Event: 5429.891 Loading class java/util/stream/ReduceOps$CountingSink$OfRef
Event: 5429.896 Loading class java/util/stream/ReduceOps$CountingSink
Event: 5429.898 Loading class java/util/stream/ReduceOps$CountingSink done
Event: 5429.898 Loading class java/util/stream/ReduceOps$CountingSink$OfRef done
Event: 5478.838 Loading class java/nio/BufferMismatch
Event: 5478.840 Loading class java/nio/BufferMismatch done
Event: 6306.976 Loading class java/util/function/IntPredicate
Event: 6306.979 Loading class java/util/function/IntPredicate done
Event: 6307.051 Loading class java/util/regex/Pattern$Bound
Event: 6307.051 Loading class java/util/regex/Pattern$Bound done
Event: 6308.501 Loading class java/lang/Throwable$WrappedPrintWriter
Event: 6308.502 Loading class java/lang/Throwable$PrintStreamOrWriter
Event: 6308.503 Loading class java/lang/Throwable$PrintStreamOrWriter done
Event: 6308.503 Loading class java/lang/Throwable$WrappedPrintWriter done

Classes unloaded (20 events):
Event: 6065.900 Thread 0x000001a11f5d0b80 Unloading class 0x000001a137017400 'java/lang/invoke/LambdaForm$MH+0x000001a137017400'
Event: 6065.901 Thread 0x000001a11f5d0b80 Unloading class 0x000001a137016400 'java/lang/invoke/LambdaForm$MH+0x000001a137016400'
Event: 6065.901 Thread 0x000001a11f5d0b80 Unloading class 0x000001a13700d800 'java/lang/invoke/LambdaForm$MH+0x000001a13700d800'
Event: 6065.901 Thread 0x000001a11f5d0b80 Unloading class 0x000001a13700d400 'java/lang/invoke/LambdaForm$MH+0x000001a13700d400'
Event: 6065.901 Thread 0x000001a11f5d0b80 Unloading class 0x000001a13700d000 'java/lang/invoke/LambdaForm$MH+0x000001a13700d000'
Event: 6065.901 Thread 0x000001a11f5d0b80 Unloading class 0x000001a13700cc00 'java/lang/invoke/LambdaForm$MH+0x000001a13700cc00'
Event: 6065.901 Thread 0x000001a11f5d0b80 Unloading class 0x000001a13700c800 'java/lang/invoke/LambdaForm$BMH+0x000001a13700c800'
Event: 6065.901 Thread 0x000001a11f5d0b80 Unloading class 0x000001a13700c000 'java/lang/invoke/LambdaForm$DMH+0x000001a13700c000'
Event: 6065.902 Thread 0x000001a11f5d0b80 Unloading class 0x000001a137008c00 'java/lang/invoke/LambdaForm$MH+0x000001a137008c00'
Event: 6065.902 Thread 0x000001a11f5d0b80 Unloading class 0x000001a137008800 'java/lang/invoke/LambdaForm$MH+0x000001a137008800'
Event: 6065.902 Thread 0x000001a11f5d0b80 Unloading class 0x000001a137008400 'java/lang/invoke/LambdaForm$MH+0x000001a137008400'
Event: 6065.902 Thread 0x000001a11f5d0b80 Unloading class 0x000001a137007000 'java/lang/invoke/LambdaForm$MH+0x000001a137007000'
Event: 6065.902 Thread 0x000001a11f5d0b80 Unloading class 0x000001a137006800 'java/lang/invoke/LambdaForm$MH+0x000001a137006800'
Event: 6065.902 Thread 0x000001a11f5d0b80 Unloading class 0x000001a137006400 'java/lang/invoke/LambdaForm$MH+0x000001a137006400'
Event: 6065.902 Thread 0x000001a11f5d0b80 Unloading class 0x000001a137006000 'java/lang/invoke/LambdaForm$MH+0x000001a137006000'
Event: 6065.902 Thread 0x000001a11f5d0b80 Unloading class 0x000001a137005c00 'java/lang/invoke/LambdaForm$BMH+0x000001a137005c00'
Event: 6065.902 Thread 0x000001a11f5d0b80 Unloading class 0x000001a137004800 'java/lang/invoke/LambdaForm$DMH+0x000001a137004800'
Event: 6065.902 Thread 0x000001a11f5d0b80 Unloading class 0x000001a137002400 'java/lang/invoke/LambdaForm$MH+0x000001a137002400'
Event: 6065.902 Thread 0x000001a11f5d0b80 Unloading class 0x000001a137002000 'java/lang/invoke/LambdaForm$MH+0x000001a137002000'
Event: 6065.902 Thread 0x000001a11f5d0b80 Unloading class 0x000001a137001800 'java/lang/invoke/LambdaForm$MH+0x000001a137001800'

Classes redefined (0 events):
No events

Internal exceptions (20 events):
Event: 6727.937 Thread 0x000001a101e41340 Exception <a 'sun/nio/fs/WindowsException'{0x00000000d5e2b030}> (0x00000000d5e2b030) 
thrown [s\src\hotspot\share\prims\jni.cpp, line 520]
Event: 6727.943 Thread 0x000001a101e41340 Exception <a 'sun/nio/fs/WindowsException'{0x00000000d5e4a7f0}> (0x00000000d5e4a7f0) 
thrown [s\src\hotspot\share\prims\jni.cpp, line 520]
Event: 6727.944 Thread 0x000001a101e41340 Exception <a 'sun/nio/fs/WindowsException'{0x00000000d5e4b1a0}> (0x00000000d5e4b1a0) 
thrown [s\src\hotspot\share\prims\jni.cpp, line 520]
Event: 6742.901 Thread 0x000001a17e8bfa10 Exception <a 'sun/nio/fs/WindowsException'{0x00000000d5cc55d8}> (0x00000000d5cc55d8) 
thrown [s\src\hotspot\share\prims\jni.cpp, line 520]
Event: 6743.492 Thread 0x000001a17e8bfa10 Exception <a 'sun/nio/fs/WindowsException'{0x00000000d5b18868}> (0x00000000d5b18868) 
thrown [s\src\hotspot\share\prims\jni.cpp, line 520]
Event: 6763.191 Thread 0x000001a1011c1170 Exception <a 'sun/nio/fs/WindowsException'{0x00000000d59c3690}> (0x00000000d59c3690) 
thrown [s\src\hotspot\share\prims\jni.cpp, line 520]
Event: 6763.192 Thread 0x000001a1011c1170 Exception <a 'sun/nio/fs/WindowsException'{0x00000000d59c4060}> (0x00000000d59c4060) 
thrown [s\src\hotspot\share\prims\jni.cpp, line 520]
Event: 6763.194 Thread 0x000001a1011c1170 Exception <a 'sun/nio/fs/WindowsException'{0x00000000d59c5020}> (0x00000000d59c5020) 
thrown [s\src\hotspot\share\prims\jni.cpp, line 520]
Event: 6763.194 Thread 0x000001a1011c1170 Exception <a 'sun/nio/fs/WindowsException'{0x00000000d59c59d0}> (0x00000000d59c59d0) 
thrown [s\src\hotspot\share\prims\jni.cpp, line 520]
Event: 6763.196 Thread 0x000001a1011c1170 Exception <a 'sun/nio/fs/WindowsException'{0x00000000d59c73c0}> (0x00000000d59c73c0) 
thrown [s\src\hotspot\share\prims\jni.cpp, line 520]
Event: 6763.196 Thread 0x000001a1011c1170 Exception <a 'sun/nio/fs/WindowsException'{0x00000000d59c7d70}> (0x00000000d59c7d70) 
thrown [s\src\hotspot\share\prims\jni.cpp, line 520]
Event: 6763.227 Thread 0x000001a1011c1170 Exception <a 'sun/nio/fs/WindowsException'{0x00000000d5f132a8}> (0x00000000d5f132a8) 
thrown [s\src\hotspot\share\prims\jni.cpp, line 520]
Event: 6763.227 Thread 0x000001a1011c1170 Exception <a 'sun/nio/fs/WindowsException'{0x00000000d5f13c58}> (0x00000000d5f13c58) 
thrown [s\src\hotspot\share\prims\jni.cpp, line 520]
Event: 6766.702 Thread 0x000001a1011c1170 Implicit null exception at 0x000001a12ab23c45 to 0x000001a12ab25c08
Event: 6778.247 Thread 0x000001a17e8bfa10 Exception <a 'sun/nio/fs/WindowsException'{0x00000000d58402b8}> (0x00000000d58402b8) 
thrown [s\src\hotspot\share\prims\jni.cpp, line 520]
Event: 6778.930 Thread 0x000001a17e8bfa10 Exception <a 'sun/nio/fs/WindowsException'{0x00000000d55f4908}> (0x00000000d55f4908) 
thrown [s\src\hotspot\share\prims\jni.cpp, line 520]
Event: 6991.509 Thread 0x000001a1011baf00 Exception <a 'sun/nio/fs/WindowsException'{0x00000000d5b87c40}> (0x00000000d5b87c40) 
thrown [s\src\hotspot\share\prims\jni.cpp, line 520]
Event: 6991.519 Thread 0x000001a1011baf00 Exception <a 'sun/nio/fs/WindowsException'{0x00000000d5b88610}> (0x00000000d5b88610) 
thrown [s\src\hotspot\share\prims\jni.cpp, line 520]
Event: 7374.500 Thread 0x000001a17969cf20 Exception <a 'sun/nio/fs/WindowsException'{0x00000000d5c7cd00}> (0x00000000d5c7cd00) 
thrown [s\src\hotspot\share\prims\jni.cpp, line 520]
Event: 7374.507 Thread 0x000001a17969cf20 Exception <a 'sun/nio/fs/WindowsException'{0x00000000d5c7d6d0}> (0x00000000d5c7d6d0) 
thrown [s\src\hotspot\share\prims\jni.cpp, line 520]

ZGC Phase Switch (0 events):
No events

VM Operations (20 events):
Event: 8742.576 Executing VM operation: HandshakeAllThreads (HandshakeForDeflation)
Event: 8742.580 Executing VM operation: HandshakeAllThreads (HandshakeForDeflation) done
Event: 8742.580 Executing VM operation: RendezvousGCThreads
Event: 8742.580 Executing VM operation: RendezvousGCThreads done
Event: 8802.728 Executing VM operation: HandshakeAllThreads (HandshakeForDeflation)
Event: 8802.731 Executing VM operation: HandshakeAllThreads (HandshakeForDeflation) done
Event: 8802.731 Executing VM operation: RendezvousGCThreads
Event: 8802.731 Executing VM operation: RendezvousGCThreads done
Event: 8862.898 Executing VM operation: HandshakeAllThreads (HandshakeForDeflation)
Event: 8862.903 Executing VM operation: HandshakeAllThreads (HandshakeForDeflation) done
Event: 8862.903 Executing VM operation: RendezvousGCThreads
Event: 8862.904 Executing VM operation: RendezvousGCThreads done
Event: 8922.939 Executing VM operation: HandshakeAllThreads (HandshakeForDeflation)
Event: 8922.945 Executing VM operation: HandshakeAllThreads (HandshakeForDeflation) done
Event: 8922.945 Executing VM operation: RendezvousGCThreads
Event: 8922.946 Executing VM operation: RendezvousGCThreads done
Event: 8983.143 Executing VM operation: HandshakeAllThreads (HandshakeForDeflation)
Event: 8983.152 Executing VM operation: HandshakeAllThreads (HandshakeForDeflation) done
Event: 8983.153 Executing VM operation: RendezvousGCThreads
Event: 8983.153 Executing VM operation: RendezvousGCThreads done

Memory protections (0 events):
No events

Nmethod flushes (20 events):
Event: 6068.291 Thread 0x000001a11f5d0b80 flushing  nmethod 0x000001a124de4790
Event: 6068.291 Thread 0x000001a11f5d0b80 flushing  nmethod 0x000001a124de4b10
Event: 6068.292 Thread 0x000001a11f5d0b80 flushing  nmethod 0x000001a124df2f90
Event: 6068.292 Thread 0x000001a11f5d0b80 flushing  nmethod 0x000001a124df6190
Event: 6068.292 Thread 0x000001a11f5d0b80 flushing osr nmethod 0x000001a124dfb490
Event: 6068.292 Thread 0x000001a11f5d0b80 flushing  nmethod 0x000001a124e01a10
Event: 6068.292 Thread 0x000001a11f5d0b80 flushing  nmethod 0x000001a124e02190
Event: 6068.292 Thread 0x000001a11f5d0b80 flushing  nmethod 0x000001a124e02690
Event: 6068.292 Thread 0x000001a11f5d0b80 flushing  nmethod 0x000001a124e03390
Event: 6068.292 Thread 0x000001a11f5d0b80 flushing  nmethod 0x000001a124e05590
Event: 6068.292 Thread 0x000001a11f5d0b80 flushing  nmethod 0x000001a124e0ef10
Event: 6068.292 Thread 0x000001a11f5d0b80 flushing  nmethod 0x000001a124e0f310
Event: 6068.292 Thread 0x000001a11f5d0b80 flushing  nmethod 0x000001a124e14790
Event: 6068.292 Thread 0x000001a11f5d0b80 flushing  nmethod 0x000001a124e18310
Event: 6068.292 Thread 0x000001a11f5d0b80 flushing  nmethod 0x000001a124e19e10
Event: 6068.292 Thread 0x000001a11f5d0b80 flushing  nmethod 0x000001a124e1b790
Event: 6068.292 Thread 0x000001a11f5d0b80 flushing  nmethod 0x000001a124e1bb10
Event: 6068.293 Thread 0x000001a11f5d0b80 flushing  nmethod 0x000001a124e1d290
Event: 6068.293 Thread 0x000001a11f5d0b80 flushing  nmethod 0x000001a124e1e710
Event: 6068.293 Thread 0x000001a11f5d0b80 flushing  nmethod 0x000001a124e32190

Events (20 events):
Event: 7075.059 Thread 0x000001a17969cf20 Thread added: 0x000001a17969d5b0
Event: 7077.463 Thread 0x000001a17834a840 Thread added: 0x000001a10298d8f0
Event: 7078.327 Thread 0x000001a17969e2d0 Thread exited: 0x000001a17969e2d0
Event: 7082.524 Thread 0x000001a10298d8f0 Thread exited: 0x000001a10298d8f0
Event: 7135.082 Thread 0x000001a17969c200 Thread exited: 0x000001a17969c200
Event: 7135.097 Thread 0x000001a1011c1800 Thread exited: 0x000001a1011c1800
Event: 7135.798 Thread 0x000001a101e40cb0 Thread exited: 0x000001a101e40cb0
Event: 7195.094 Thread 0x000001a1011baf00 Thread exited: 0x000001a1011baf00
Event: 7195.799 Thread 0x000001a101e426f0 Thread exited: 0x000001a101e426f0
Event: 7255.808 Thread 0x000001a17969c890 Thread exited: 0x000001a17969c890
Event: 7315.821 Thread 0x000001a1011bcfd0 Thread exited: 0x000001a1011bcfd0
Event: 7374.405 Thread 0x000001a17969cf20 Thread added: 0x000001a17969c200
Event: 7374.428 Thread 0x000001a17969c200 Thread exited: 0x000001a17969c200
Event: 7374.527 Thread 0x000001a17969cf20 Thread added: 0x000001a17969c890
Event: 7374.530 Thread 0x000001a17969c890 Thread exited: 0x000001a17969c890
Event: 7375.832 Thread 0x000001a1011bea10 Thread exited: 0x000001a1011bea10
Event: 7435.844 Thread 0x000001a101e43aa0 Thread exited: 0x000001a101e43aa0
Event: 7495.868 Thread 0x000001a101e44e50 Thread exited: 0x000001a101e44e50
Event: 8505.719 Thread 0x000001a10099b920 Thread added: 0x000001a17969c200
Event: 8565.927 Thread 0x000001a17969c200 Thread exited: 0x000001a17969c200


Dynamic libraries:
0x00007ff66f310000 - 0x00007ff66f31e000 	c:\Users\satej\.vscode\extensions\redhat.java-1.52.0-win32-x64\jre\21.0.9-win32-x86_64\bin\java.exe
0x00007ffe5c240000 - 0x00007ffe5c4a8000 	C:\WINDOWS\SYSTEM32\ntdll.dll
0x00007ffe5aa10000 - 0x00007ffe5aad9000 	C:\WINDOWS\System32\KERNEL32.DLL
0x00007ffe58b50000 - 0x00007ffe58f41000 	C:\WINDOWS\System32\KERNELBASE.dll
0x00007ffe59be0000 - 0x00007ffe59d2b000 	C:\WINDOWS\System32\ucrtbase.dll
0x00007ffe469a0000 - 0x00007ffe469be000 	c:\Users\satej\.vscode\extensions\redhat.java-1.52.0-win32-x64\jre\21.0.9-win32-x86_64\bin\VCRUNTIME140.dll
0x00007ffe3cb60000 - 0x00007ffe3cb78000 	c:\Users\satej\.vscode\extensions\redhat.java-1.52.0-win32-x64\jre\21.0.9-win32-x86_64\bin\jli.dll
0x00007ffe5a100000 - 0x00007ffe5a2c6000 	C:\WINDOWS\System32\USER32.dll
0x00007ffe58b20000 - 0x00007ffe58b47000 	C:\WINDOWS\System32\win32u.dll
0x00007ffe3cd30000 - 0x00007ffe3cfc3000 	C:\WINDOWS\WinSxS\amd64_microsoft.windows.common-controls_6595b64144ccf1df_6.0.26100.7824_none_3e0870b2e3345462\COMCTL32.dll
0x00007ffe5a770000 - 0x00007ffe5a79b000 	C:\WINDOWS\System32\GDI32.dll
0x00007ffe5b9a0000 - 0x00007ffe5ba49000 	C:\WINDOWS\System32\msvcrt.dll
0x00007ffe58f50000 - 0x00007ffe5907b000 	C:\WINDOWS\System32\gdi32full.dll
0x00007ffe59e80000 - 0x00007ffe59f23000 	C:\WINDOWS\System32\msvcp_win.dll
0x00007ffe59fe0000 - 0x00007ffe5a011000 	C:\WINDOWS\System32\IMM32.DLL
0x00007ffe4b1d0000 - 0x00007ffe4b1dc000 	c:\Users\satej\.vscode\extensions\redhat.java-1.52.0-win32-x64\jre\21.0.9-win32-x86_64\bin\vcruntime140_1.dll
0x00007ffdeae20000 - 0x00007ffdeaead000 	c:\Users\satej\.vscode\extensions\redhat.java-1.52.0-win32-x64\jre\21.0.9-win32-x86_64\bin\msvcp140.dll
0x00007ffd968f0000 - 0x00007ffd97690000 	c:\Users\satej\.vscode\extensions\redhat.java-1.52.0-win32-x64\jre\21.0.9-win32-x86_64\bin\server\jvm.dll
0x00007ffe5b8e0000 - 0x00007ffe5b994000 	C:\WINDOWS\System32\ADVAPI32.dll
0x00007ffe5aae0000 - 0x00007ffe5ab86000 	C:\WINDOWS\System32\sechost.dll
0x00007ffe5b6f0000 - 0x00007ffe5b808000 	C:\WINDOWS\System32\RPCRT4.dll
0x00007ffe5a6f0000 - 0x00007ffe5a764000 	C:\WINDOWS\System32\WS2_32.dll
0x00007ffe4cfa0000 - 0x00007ffe4cfd5000 	C:\WINDOWS\SYSTEM32\WINMM.dll
0x00007ffe58980000 - 0x00007ffe589de000 	C:\WINDOWS\SYSTEM32\POWRPROF.dll
0x00007ffe45740000 - 0x00007ffe4574b000 	C:\WINDOWS\SYSTEM32\VERSION.dll
0x00007ffe58960000 - 0x00007ffe58974000 	C:\WINDOWS\SYSTEM32\UMPDC.dll
0x00007ffe578c0000 - 0x00007ffe578db000 	C:\WINDOWS\SYSTEM32\kernel.appcore.dll
0x00007ffe4aaa0000 - 0x00007ffe4aaaa000 	c:\Users\satej\.vscode\extensions\redhat.java-1.52.0-win32-x64\jre\21.0.9-win32-x86_64\bin\jimage.dll
0x00007ffe56940000 - 0x00007ffe56b82000 	C:\WINDOWS\SYSTEM32\DBGHELP.DLL
0x00007ffe5ab90000 - 0x00007ffe5af16000 	C:\WINDOWS\System32\combase.dll
0x00007ffe5a020000 - 0x00007ffe5a0f7000 	C:\WINDOWS\System32\OLEAUT32.dll
0x00007ffe3b6f0000 - 0x00007ffe3b72b000 	C:\WINDOWS\SYSTEM32\dbgcore.DLL
0x00007ffe59f30000 - 0x00007ffe59fd5000 	C:\WINDOWS\System32\bcryptPrimitives.dll
0x00007ffe49e20000 - 0x00007ffe49e2f000 	c:\Users\satej\.vscode\extensions\redhat.java-1.52.0-win32-x64\jre\21.0.9-win32-x86_64\bin\instrument.dll
0x00007ffe2fa90000 - 0x00007ffe2fab0000 	c:\Users\satej\.vscode\extensions\redhat.java-1.52.0-win32-x64\jre\21.0.9-win32-x86_64\bin\java.dll
0x00007ffe5af20000 - 0x00007ffe5b672000 	C:\WINDOWS\System32\SHELL32.dll
0x00007ffe59a70000 - 0x00007ffe59bda000 	C:\WINDOWS\System32\wintypes.dll
0x00007ffe59200000 - 0x00007ffe59a63000 	C:\WINDOWS\System32\windows.storage.dll
0x00007ffe5ba50000 - 0x00007ffe5bb46000 	C:\WINDOWS\System32\SHCORE.dll
0x00007ffe5b680000 - 0x00007ffe5b6e7000 	C:\WINDOWS\System32\shlwapi.dll
0x00007ffe58a40000 - 0x00007ffe58a69000 	C:\WINDOWS\SYSTEM32\profapi.dll
0x00007ffe2edb0000 - 0x00007ffe2edc8000 	c:\Users\satej\.vscode\extensions\redhat.java-1.52.0-win32-x64\jre\21.0.9-win32-x86_64\bin\zip.dll
0x00007ffe48fe0000 - 0x00007ffe48ff0000 	C:\Users\satej\.vscode\extensions\redhat.java-1.52.0-win32-x64\jre\21.0.9-win32-x86_64\bin\net.dll
0x00007ffe526c0000 - 0x00007ffe527e7000 	C:\WINDOWS\SYSTEM32\WINHTTP.dll
0x00007ffe57e30000 - 0x00007ffe57e9b000 	C:\WINDOWS\system32\mswsock.dll
0x00007ffe2e5b0000 - 0x00007ffe2e5c6000 	C:\Users\satej\.vscode\extensions\redhat.java-1.52.0-win32-x64\jre\21.0.9-win32-x86_64\bin\nio.dll
0x00007ffe48fb0000 - 0x00007ffe48fc0000 	c:\Users\satej\.vscode\extensions\redhat.java-1.52.0-win32-x64\jre\21.0.9-win32-x86_64\bin\verify.dll
0x00007ffe0dac0000 - 0x00007ffe0db05000 	C:\Users\satej\AppData\Roaming\Code\User\globalStorage\redhat.java\1.52.0\config_win\org.eclipse.equinox.launcher\org.eclipse.equinox.launcher.win32.win32.x86_64_1.2.1500.v20260121-1430\eclipse_11919.dll
0x00007ffe5a820000 - 0x00007ffe5a9b7000 	C:\WINDOWS\System32\ole32.dll
0x00007ffe3cb10000 - 0x00007ffe3cb1a000 	C:\Users\satej\.vscode\extensions\redhat.java-1.52.0-win32-x64\jre\21.0.9-win32-x86_64\bin\management.dll
0x00007ffe2fcc0000 - 0x00007ffe2fccc000 	C:\Users\satej\.vscode\extensions\redhat.java-1.52.0-win32-x64\jre\21.0.9-win32-x86_64\bin\management_ext.dll
0x00007ffe5a2d0000 - 0x00007ffe5a2d8000 	C:\WINDOWS\System32\PSAPI.DLL
0x00007ffe58110000 - 0x00007ffe5812b000 	C:\WINDOWS\SYSTEM32\CRYPTSP.dll
0x00007ffe57800000 - 0x00007ffe57839000 	C:\WINDOWS\system32\rsaenh.dll
0x00007ffe57ee0000 - 0x00007ffe57f0b000 	C:\WINDOWS\SYSTEM32\USERENV.dll
0x00007ffe58a10000 - 0x00007ffe58a3a000 	C:\WINDOWS\SYSTEM32\bcrypt.dll
0x00007ffe58100000 - 0x00007ffe5810c000 	C:\WINDOWS\SYSTEM32\CRYPTBASE.dll
0x00007ffe57340000 - 0x00007ffe57374000 	C:\WINDOWS\SYSTEM32\IPHLPAPI.DLL
0x00007ffe5b810000 - 0x00007ffe5b81a000 	C:\WINDOWS\System32\NSI.dll
0x00007ffe24330000 - 0x00007ffe24379000 	C:\Users\satej\AppData\Local\Temp\jna-109209355\jna16618560286479147749.dll
0x00007ffe53520000 - 0x00007ffe5353e000 	C:\WINDOWS\SYSTEM32\dhcpcsvc6.DLL
0x00007ffe53470000 - 0x00007ffe53493000 	C:\WINDOWS\SYSTEM32\dhcpcsvc.DLL
0x00007ffe49d00000 - 0x00007ffe49d0e000 	C:\Users\satej\.vscode\extensions\redhat.java-1.52.0-win32-x64\jre\21.0.9-win32-x86_64\bin\sunmscapi.dll
0x00007ffe59080000 - 0x00007ffe591f7000 	C:\WINDOWS\System32\CRYPT32.dll
0x00007ffe58320000 - 0x00007ffe58350000 	C:\WINDOWS\SYSTEM32\ncrypt.dll
0x00007ffe582d0000 - 0x00007ffe5830f000 	C:\WINDOWS\SYSTEM32\NTASN1.dll
0x00007ffe57380000 - 0x00007ffe574ac000 	C:\WINDOWS\SYSTEM32\DNSAPI.dll
0x00007ffe51aa0000 - 0x00007ffe51aab000 	C:\Windows\System32\rasadhlp.dll
0x00007ffe537f0000 - 0x00007ffe53876000 	C:\WINDOWS\System32\fwpuclnt.dll
0x00007ffe49cf0000 - 0x00007ffe49cf9000 	C:\Users\satej\.vscode\extensions\redhat.java-1.52.0-win32-x64\jre\21.0.9-win32-x86_64\bin\extnet.dll

JVMTI agents:
c:\Users\satej\.vscode\extensions\redhat.java-1.52.0-win32-x64\lombok\lombok-1.18.39-4050.jar path:c:\Users\satej\.vscode\extensions\redhat.java-1.52.0-win32-x64\jre\21.0.9-win32-x86_64\bin\instrument.dll, loaded, initialized, instrumentlib options:none

dbghelp: loaded successfully - version: 4.0.5 - missing functions: none
symbol engine: initialized successfully - sym options: 0x614 - pdb path: .;c:\Users\satej\.vscode\extensions\redhat.java-1.52.0-win32-x64\jre\21.0.9-win32-x86_64\bin;C:\WINDOWS\SYSTEM32;C:\WINDOWS\WinSxS\amd64_microsoft.windows.common-controls_6595b64144ccf1df_6.0.26100.7824_none_3e0870b2e3345462;c:\Users\satej\.vscode\extensions\redhat.java-1.52.0-win32-x64\jre\21.0.9-win32-x86_64\bin\server;C:\Users\satej\AppData\Roaming\Code\User\globalStorage\redhat.java\1.52.0\config_win\org.eclipse.equinox.launcher\org.eclipse.equinox.launcher.win32.win32.x86_64_1.2.1500.v20260121-1430;C:\Users\satej\AppData\Local\Temp\jna-109209355

VM Arguments:
jvm_args: --add-modules=ALL-SYSTEM --add-opens=java.base/java.util=ALL-UNNAMED --add-opens=java.base/java.lang=ALL-UNNAMED --add-opens=java.base/sun.nio.fs=ALL-UNNAMED -Declipse.application=org.eclipse.jdt.ls.core.id1 -Dosgi.bundles.defaultStartLevel=4 -Declipse.product=org.eclipse.jdt.ls.core.product -Djava.import.generatesMetadataFilesAtProjectRoot=false -DDetectVMInstallationsJob.disabled=true -Dfile.encoding=utf8 -XX:+UseParallelGC -XX:GCTimeRatio=4 -XX:AdaptiveSizePolicyWeight=90 -Dsun.zip.disableMemoryMapping=true -Xmx2G -Xms100m -Xlog:disable -javaagent:c:\Users\satej\.vscode\extensions\redhat.java-1.52.0-win32-x64\lombok\lombok-1.18.39-4050.jar -XX:+HeapDumpOnOutOfMemoryError -XX:HeapDumpPath=c:\Users\satej\AppData\Roaming\Code\User\workspaceStorage\cf8760d8866fea43838a5e1dfc31e8f6\redhat.java -Daether.dependencyCollector.impl=bf 
java_command: c:\Users\satej\.vscode\extensions\redhat.java-1.52.0-win32-x64\server\plugins\org.eclipse.equinox.launcher_1.7.100.v20251111-0406.jar -configuration c:\Users\satej\AppData\Roaming\Code\User\globalStorage\redhat.java\1.52.0\config_win -data c:\Users\satej\AppData\Roaming\Code\User\workspaceStorage\cf8760d8866fea43838a5e1dfc31e8f6\redhat.java\jdt_ws --pipe=\\.\pipe\lsp-96dcf5817a5d6eda0c33744436147d52-sock
java_class_path (initial): c:\Users\satej\.vscode\extensions\redhat.java-1.52.0-win32-x64\server\plugins\org.eclipse.equinox.launcher_1.7.100.v20251111-0406.jar
Launcher Type: SUN_STANDARD

[Global flags]
    uintx AdaptiveSizePolicyWeight                 = 90                                        {product} {command line}
     intx CICompilerCount                          = 4                                         {product} {ergonomic}
    uintx GCTimeRatio                              = 4                                         {product} {command line}
     bool HeapDumpOnOutOfMemoryError               = true                                   {manageable} {command line}
    ccstr HeapDumpPath                             = c:\Users\satej\AppData\Roaming\Code\User\workspaceStorage\cf8760d8866fea43838a5e1dfc31e8f6\redhat.java         {manageable} {command line}
   size_t InitialHeapSize                          = 104857600                                 {product} {command line}
   size_t MaxHeapSize                              = 2147483648                                {product} {command line}
   size_t MaxNewSize                               = 715653120                                 {product} {ergonomic}
   size_t MinHeapDeltaBytes                        = 524288                                    {product} {ergonomic}
   size_t MinHeapSize                              = 104857600                                 {product} {command line}
   size_t NewSize                                  = 34603008                                  {product} {ergonomic}
    uintx NonNMethodCodeHeapSize                   = 5839372                                {pd product} {ergonomic}
    uintx NonProfiledCodeHeapSize                  = 122909434                              {pd product} {ergonomic}
   size_t OldSize                                  = 70254592                                  {product} {ergonomic}
    uintx ProfiledCodeHeapSize                     = 122909434                              {pd product} {ergonomic}
    uintx ReservedCodeCacheSize                    = 251658240                              {pd product} {ergonomic}
     bool SegmentedCodeCache                       = true                                      {product} {ergonomic}
   size_t SoftMaxHeapSize                          = 2147483648                             {manageable} {ergonomic}
     bool UseCompressedOops                        = true                           {product lp64_product} {ergonomic}
     bool UseLargePagesIndividualAllocation        = false                                  {pd product} {ergonomic}
     bool UseParallelGC                            = true                                      {product} {command line}

Logging:
Log output configuration:
 #0: stdout all=off uptime,level,tags foldmultilines=false
 #1: stderr all=off uptime,level,tags foldmultilines=false

Release file:
JAVA_VERSION="21.0.9" 
MODULES="java.base java.compiler java.datatransfer java.xml java.prefs java.desktop java.instrument java.logging java.management java.security.sasl java.naming java.rmi java.management.rmi java.net.http java.scripting java.security.jgss java.transaction.xa java.sql java.sql.rowset java.xml.crypto java.se java.smartcardio jdk.accessibility jdk.internal.jvmstat jdk.attach jdk.charsets jdk.internal.opt jdk.zipfs jdk.compiler jdk.crypto.ec jdk.crypto.cryptoki jdk.crypto.mscapi jdk.dynalink jdk.internal.ed jdk.editpad jdk.hotspot.agent jdk.httpserver jdk.internal.le jdk.internal.vm.ci jdk.internal.vm.compiler jdk.internal.vm.compiler.management jdk.jartool jdk.javadoc jdk.jcmd jdk.management jdk.management.agent jdk.jconsole jdk.jdeps jdk.jdwp.agent jdk.jdi jdk.jfr jdk.jshell jdk.jsobject jdk.jstatd jdk.localedata jdk.management.jfr jdk.naming.dns jdk.naming.rmi jdk.net jdk.nio.mapmode jdk.random jdk.sctp jdk.security.auth jdk.security.jgss jdk.unsupported jdk.unsupported.desktop jdk.xml.dom" 

Environment Variables:
JAVA_HOME=C:\Program Files\Java\jdk-17
PATH=C:\Program Files\Eclipse Adoptium\jdk-17.0.16.8-hotspot\bin;C:\Program Files\Eclipse Adoptium\jdk-11.0.28.6-hotspot\bin;C:\Python313\Scripts\;C:\Python313\;C:\Program Files\Common Files\Oracle\Java\javapath;C:\Windows\system32;C:\Windows;C:\Windows\System32\Wbem;C:\Windows\System32\WindowsPowerShell\v1.0\;C:\Windows\System32\OpenSSH\;C:\Program Files (x86)\NVIDIA Corporation\PhysX\Common;C:\Program Files\NVIDIA Corporation\NVIDIA NvDLISR;C:\WINDOWS\system32;C:\WINDOWS;C:\WINDOWS\System32\Wbem;C:\WINDOWS\System32\WindowsPowerShell\v1.0\;C:\WINDOWS\System32\OpenSSH\;C:\Program Files\Java\jdk-23\bin;C:\ProgramData\chocolatey\bin;C:\Program Files\Git\cmd;C:\Program Files\MySQL\MySQL Server 8.0\bin;C:\Program Files\Java\jdk-17\bin;C:\Program Files\MySQL\MySQL Shell 8.0\bin\;C:\Users\satej\AppData\Local\Microsoft\WindowsApps;C:\Users\satej\AppData\Local\Programs\Microsoft VS Code\bin;C:\Users\satej\AppData\Local\Google\Cloud SDK\google-cloud-sdk\bin;C:\Program Files\JetBrains\IntelliJ IDEA Community Edition 2025.1.2\bin;C:\Users\satej\AppData\Roaming\npm;C:\Program Files\Java\jdk-17\bin;C:\Program Files\maven\bin;C:\Program Files\nodejs\;C:\Users\satej\AppData\Local\Programs\Python\Python313\Scripts\;C:\Users\satej\AppData\Local\Programs\Python\Python313\;C:\Program Files\MySQL\MySQL Shell 8.0\bin\;C:\Users\satej\AppData\Local\Microsoft\WindowsApps;C:\Users\satej\AppData\Local\Programs\Microsoft VS Code\bin;C:\Users\satej\AppData\Local\Google\Cloud SDK\google-cloud-sdk\bin;C:\Program Files\JetBrains\IntelliJ IDEA Community Edition 2025.1.2\bin;;C:\Users\satej\AppData\Roaming\npm
USERNAME=satej
OS=Windows_NT
PROCESSOR_IDENTIFIER=AMD64 Family 25 Model 68 Stepping 1, AuthenticAMD
TMP=C:\Users\satej\AppData\Local\Temp
TEMP=C:\Users\satej\AppData\Local\Temp




Periodic native trim disabled

---------------  S Y S T E M  ---------------

OS:
 Windows 11 , 64 bit Build 26100 (10.0.26100.7705)
OS uptime: 3 days 14:21 hours
Hyper-V role detected

CPU: total 12 (initial active 12) (12 cores per cpu, 2 threads per core) family 25 model 68 stepping 1 microcode 0xa404102, cx8, cmov, fxsr, ht, mmx, 3dnowpref, sse, sse2, sse3, ssse3, sse4a, sse4.1, sse4.2, popcnt, lzcnt, tsc, tscinvbit, avx, avx2, aes, erms, clmul, bmi1, bmi2, adx, sha, fma, vzeroupper, clflush, clflushopt, hv, rdtscp, rdpid, fsrm, f16c, cet_ss
Processor Information for processor 0
  Max Mhz: 3301, Current Mhz: 2008, Mhz Limit: 3301
Processor Information for processor 1
  Max Mhz: 3301, Current Mhz: 2008, Mhz Limit: 3301
Processor Information for processor 2
  Max Mhz: 3301, Current Mhz: 2503, Mhz Limit: 3301
Processor Information for processor 3
  Max Mhz: 3301, Current Mhz: 2008, Mhz Limit: 3301
Processor Information for processor 4
  Max Mhz: 3301, Current Mhz: 2008, Mhz Limit: 3301
Processor Information for processor 5
  Max Mhz: 3301, Current Mhz: 2503, Mhz Limit: 3301
Processor Information for processor 6
  Max Mhz: 3301, Current Mhz: 2503, Mhz Limit: 3301
Processor Information for processor 7
  Max Mhz: 3301, Current Mhz: 2008, Mhz Limit: 3301
Processor Information for processor 8
  Max Mhz: 3301, Current Mhz: 2503, Mhz Limit: 3301
Processor Information for processor 9
  Max Mhz: 3301, Current Mhz: 2503, Mhz Limit: 3301
Processor Information for processor 10
  Max Mhz: 3301, Current Mhz: 2008, Mhz Limit: 3301
Processor Information for processor 11
  Max Mhz: 3301, Current Mhz: 2008, Mhz Limit: 3301

Memory: 4k page, system-wide physical 7365M (551M free)
TotalPageFile size 29893M (AvailPageFile size 4M)
current process WorkingSet (physical memory assigned to process): 8M, peak: 690M
current process commit charge ("private bytes"): 1736M, peak: 1753M

vm_info: OpenJDK 64-Bit Server VM (21.0.9+10-LTS) for windows-amd64 JRE (21.0.9+10-LTS), built on 2025-10-21T00:00:00Z by "admin" with unknown MS VC++:1942

END.
